-------------------------------------------------------------------------------
Test set: com.WMS_spiders_wholesale_system.OrderServiceTest
-------------------------------------------------------------------------------
Tests run: 13, Failures: 1, Errors: 3, Skipped: 0, Time elapsed: 0.220 s <<< FAILURE! -- in com.WMS_spiders_wholesale_system.OrderServiceTest
com.WMS_spiders_wholesale_system.OrderServiceTest.createOrder_Success_CalculatesPrice -- Time elapsed: 0.145 s <<< ERROR!
java.lang.NullPointerException: Cannot invoke "java.util.List.stream()" because the return value of "com.silkroute_erp.sales.dto.OrderDTO.getOrderedSpiders()" is null
	at com.silkroute_erp.sales.service.OrderService.createOrder(OrderService.java:65)
	at com.WMS_spiders_wholesale_system.OrderServiceTest.createOrder_Success_CalculatesPrice(OrderServiceTest.java:102)
	at java.base/java.lang.reflect.Method.invoke(Method.java:565)
	at java.base/java.util.ArrayList.forEach(ArrayList.java:1604)
	at java.base/java.util.ArrayList.forEach(ArrayList.java:1604)

com.WMS_spiders_wholesale_system.OrderServiceTest.createOrder_ThrowsRuntimeException_NotEnoughStock -- Time elapsed: 0.013 s <<< ERROR!
org.mockito.exceptions.misusing.UnnecessaryStubbingException: 

Unnecessary stubbings detected.
Clean & maintainable test code requires zero unnecessary code.
Following stubbings are unnecessary (click to navigate to relevant line of code):
  1. -> at com.WMS_spiders_wholesale_system.OrderServiceTest.createOrder_ThrowsRuntimeException_NotEnoughStock(OrderServiceTest.java:160)
  2. -> at com.WMS_spiders_wholesale_system.OrderServiceTest.createOrder_ThrowsRuntimeException_NotEnoughStock(OrderServiceTest.java:162)
Please remove unnecessary stubbings or use 'lenient' strictness. More info: javadoc for UnnecessaryStubbingException class.
	at org.mockito.junit.jupiter.MockitoExtension.lambda$afterEach$2(MockitoExtension.java:200)
	at java.base/java.util.Optional.ifPresent(Optional.java:178)
	at org.mockito.junit.jupiter.MockitoExtension.afterEach(MockitoExtension.java:198)
	at java.base/java.util.ArrayList.forEach(ArrayList.java:1604)
	at java.base/java.util.ArrayList.forEach(ArrayList.java:1604)

com.WMS_spiders_wholesale_system.OrderServiceTest.createOrder_ThrowsSpiderNotFoundException -- Time elapsed: 0.006 s <<< FAILURE!
org.opentest4j.AssertionFailedError: Unexpected exception type thrown, expected: <com.silkroute_erp.sales.exception.SpiderNotFoundException> but was: <java.lang.NullPointerException>
	at org.junit.jupiter.api.AssertionFailureBuilder.build(AssertionFailureBuilder.java:151)
	at org.junit.jupiter.api.AssertThrows.assertThrows(AssertThrows.java:67)
	at org.junit.jupiter.api.AssertThrows.assertThrows(AssertThrows.java:35)
	at org.junit.jupiter.api.Assertions.assertThrows(Assertions.java:3128)
	at com.WMS_spiders_wholesale_system.OrderServiceTest.createOrder_ThrowsSpiderNotFoundException(OrderServiceTest.java:149)
	at java.base/java.lang.reflect.Method.invoke(Method.java:565)
	at java.base/java.util.ArrayList.forEach(ArrayList.java:1604)
	at java.base/java.util.ArrayList.forEach(ArrayList.java:1604)
Caused by: java.lang.NullPointerException: Cannot invoke "java.util.List.stream()" because the return value of "com.silkroute_erp.sales.dto.OrderDTO.getOrderedSpiders()" is null
	at com.silkroute_erp.sales.service.OrderService.createOrder(OrderService.java:65)
	at com.WMS_spiders_wholesale_system.OrderServiceTest.lambda$createOrder_ThrowsSpiderNotFoundException$0(OrderServiceTest.java:149)
	at org.junit.jupiter.api.AssertThrows.assertThrows(AssertThrows.java:53)
	... 6 more

com.WMS_spiders_wholesale_system.OrderServiceTest.createOrder_Success_UsesProvidedPrice -- Time elapsed: 0.003 s <<< ERROR!
java.lang.NullPointerException: Cannot invoke "java.util.List.stream()" because the return value of "com.silkroute_erp.sales.dto.OrderDTO.getOrderedSpiders()" is null
	at com.silkroute_erp.sales.service.OrderService.createOrder(OrderService.java:65)
	at com.WMS_spiders_wholesale_system.OrderServiceTest.createOrder_Success_UsesProvidedPrice(OrderServiceTest.java:133)
	at java.base/java.lang.reflect.Method.invoke(Method.java:565)
	at java.base/java.util.ArrayList.forEach(ArrayList.java:1604)
	at java.base/java.util.ArrayList.forEach(ArrayList.java:1604)

