<?xml version="1.0" encoding="UTF-8"?>
<testsuite xmlns:xsi="http://www.w3.org/2001/XMLSchema-instance" xsi:noNamespaceSchemaLocation="https://maven.apache.org/surefire/maven-surefire-plugin/xsd/surefire-test-report.xsd" version="3.0.2" name="com.WMS_spiders_wholesale_system.OrderServiceTest" time="0.188" tests="13" errors="3" skipped="0" failures="1">
  <properties>
[...]
</properties>
  <testcase name="createOrder_Success_CalculatesPrice" classname="com.WMS_spiders_wholesale_system.OrderServiceTest" time="0.126">
    <error message="Cannot invoke &quot;java.util.List.stream()&quot; because the return value of &quot;com.silkroute_erp.sales.dto.OrderDTO.getOrderedSpiders()&quot; is null" type="java.lang.NullPointerException"><![CDATA[java.lang.NullPointerException: Cannot invoke "java.util.List.stream()" because the return value of "com.silkroute_erp.sales.dto.OrderDTO.getOrderedSpiders()" is null
	at com.silkroute_erp.sales.service.OrderService.createOrder(OrderService.java:65)
	at com.WMS_spiders_wholesale_system.OrderServiceTest.createOrder_Success_CalculatesPrice(OrderServiceTest.java:102)
	at java.base/java.lang.reflect.Method.invoke(Method.java:565)
	at java.base/java.util.ArrayList.forEach(ArrayList.java:1604)
	at java.base/java.util.ArrayList.forEach(ArrayList.java:1604)
]]></error>
  </testcase>
  <testcase name="updateOrder_Success_SetsSelfCollection" classname="com.WMS_spiders_wholesale_system.OrderServiceTest" time="0.01"/>
  <testcase name="deleteOrder_ThrowsOrderNotFoundException" classname="com.WMS_spiders_wholesale_system.OrderServiceTest" time="0.003"/>
  <testcase name="updateOrder_Success_UpdateStatusAndCustomer" classname="com.WMS_spiders_wholesale_system.OrderServiceTest" time="0.004"/>
  <testcase name="updateOrder_ThrowsOrderNotFoundException" classname="com.WMS_spiders_wholesale_system.OrderServiceTest" time="0.003"/>
  <testcase name="createOrder_ThrowsRuntimeException_NotEnoughStock" classname="com.WMS_spiders_wholesale_system.OrderServiceTest" time="0.009">
    <error message="&#10;Unnecessary stubbings detected.&#10;Clean &amp; maintainable test code requires zero unnecessary code.&#10;Following stubbings are unnecessary (click to navigate to relevant line of code):&#10;  1. -&gt; at com.WMS_spiders_wholesale_system.OrderServiceTest.createOrder_ThrowsRuntimeException_NotEnoughStock(OrderServiceTest.java:160)&#10;  2. -&gt; at com.WMS_spiders_wholesale_system.OrderServiceTest.createOrder_ThrowsRuntimeException_NotEnoughStock(OrderServiceTest.java:162)&#10;Please remove unnecessary stubbings or use &apos;lenient&apos; strictness. More info: javadoc for UnnecessaryStubbingException class." type="org.mockito.exceptions.misusing.UnnecessaryStubbingException"><![CDATA[org.mockito.exceptions.misusing.UnnecessaryStubbingException: 

Unnecessary stubbings detected.
Clean & maintainable test code requires zero unnecessary code.
Following stubbings are unnecessary (click to navigate to relevant line of code):
  1. -> at com.WMS_spiders_wholesale_system.OrderServiceTest.createOrder_ThrowsRuntimeException_NotEnoughStock(OrderServiceTest.java:160)
  2. -> at com.WMS_spiders_wholesale_system.OrderServiceTest.createOrder_ThrowsRuntimeException_NotEnoughStock(OrderServiceTest.java:162)
Please remove unnecessary stubbings or use 'lenient' strictness. More info: javadoc for UnnecessaryStubbingException class.
	at org.mockito.junit.jupiter.MockitoExtension.lambda$afterEach$2(MockitoExtension.java:200)
	at java.base/java.util.Optional.ifPresent(Optional.java:178)
	at org.mockito.junit.jupiter.MockitoExtension.afterEach(MockitoExtension.java:198)
	at java.base/java.util.ArrayList.forEach(ArrayList.java:1604)
	at java.base/java.util.ArrayList.forEach(ArrayList.java:1604)
]]></error>
  </testcase>
  <testcase name="findById_NotFound_ReturnsEmptyOptional" classname="com.WMS_spiders_wholesale_system.OrderServiceTest" time="0.003"/>
  <testcase name="deleteOrder_Success" classname="com.WMS_spiders_wholesale_system.OrderServiceTest" time="0.002"/>
  <testcase name="getAllOrders_ReturnsPageOfOrders" classname="com.WMS_spiders_wholesale_system.OrderServiceTest" time="0.002"/>
  <testcase name="createOrder_ThrowsSpiderNotFoundException" classname="com.WMS_spiders_wholesale_system.OrderServiceTest" time="0.006">
    <failure message="Unexpected exception type thrown, expected: &lt;com.silkroute_erp.sales.exception.SpiderNotFoundException&gt; but was: &lt;java.lang.NullPointerException&gt;" type="org.opentest4j.AssertionFailedError"><![CDATA[org.opentest4j.AssertionFailedError: Unexpected exception type thrown, expected: <com.silkroute_erp.sales.exception.SpiderNotFoundException> but was: <java.lang.NullPointerException>
	at org.junit.jupiter.api.AssertionFailureBuilder.build(AssertionFailureBuilder.java:151)
	at org.junit.jupiter.api.AssertThrows.assertThrows(AssertThrows.java:67)
	at org.junit.jupiter.api.AssertThrows.assertThrows(AssertThrows.java:35)
	at org.junit.jupiter.api.Assertions.assertThrows(Assertions.java:3128)
	at com.WMS_spiders_wholesale_system.OrderServiceTest.createOrder_ThrowsSpiderNotFoundException(OrderServiceTest.java:149)
	at java.base/java.lang.reflect.Method.invoke(Method.java:565)
	at java.base/java.util.ArrayList.forEach(ArrayList.java:1604)
	at java.base/java.util.ArrayList.forEach(ArrayList.java:1604)
Caused by: java.lang.NullPointerException: Cannot invoke "java.util.List.stream()" because the return value of "com.silkroute_erp.sales.dto.OrderDTO.getOrderedSpiders()" is null
	at com.silkroute_erp.sales.service.OrderService.createOrder(OrderService.java:65)
	at com.WMS_spiders_wholesale_system.OrderServiceTest.lambda$createOrder_ThrowsSpiderNotFoundException$0(OrderServiceTest.java:149)
	at org.junit.jupiter.api.AssertThrows.assertThrows(AssertThrows.java:53)
	... 6 more
]]></failure>
  </testcase>
  <testcase name="createOrder_Success_UsesProvidedPrice" classname="com.WMS_spiders_wholesale_system.OrderServiceTest" time="0.004">
    <error message="Cannot invoke &quot;java.util.List.stream()&quot; because the return value of &quot;com.silkroute_erp.sales.dto.OrderDTO.getOrderedSpiders()&quot; is null" type="java.lang.NullPointerException"><![CDATA[java.lang.NullPointerException: Cannot invoke "java.util.List.stream()" because the return value of "com.silkroute_erp.sales.dto.OrderDTO.getOrderedSpiders()" is null
	at com.silkroute_erp.sales.service.OrderService.createOrder(OrderService.java:65)
	at com.WMS_spiders_wholesale_system.OrderServiceTest.createOrder_Success_UsesProvidedPrice(OrderServiceTest.java:133)
	at java.base/java.lang.reflect.Method.invoke(Method.java:565)
	at java.base/java.util.ArrayList.forEach(ArrayList.java:1604)
	at java.base/java.util.ArrayList.forEach(ArrayList.java:1604)
]]></error>
  </testcase>
  <testcase name="updateOrder_Success_CancelOrder_ReturnsStock" classname="com.WMS_spiders_wholesale_system.OrderServiceTest" time="0.005"/>
  <testcase name="findById_Success_ReturnsOrder" classname="com.WMS_spiders_wholesale_system.OrderServiceTest" time="0.002"/>
</testsuite>